23 Apr 2019 10:06:59,710 main - Application started
23 Apr 2019 10:08:08,734 main - Application started
23 Apr 2019 10:08:43,452 http-nio-8080-exec-1 - Retrieve customer by id 

23 Apr 2019 10:08:43,461 http-nio-8080-exec-1 - New item created
23 Apr 2019 10:08:43,493 http-nio-8080-exec-1 - Cart created

23 Apr 2019 10:08:44,805 http-nio-8080-exec-3 - Retrieve customer by id 

23 Apr 2019 10:08:44,807 http-nio-8080-exec-3 - New item created
23 Apr 2019 10:08:44,813 http-nio-8080-exec-3 - Cart created

23 Apr 2019 10:08:45,763 http-nio-8080-exec-4 - Retrieve customer by id 

23 Apr 2019 10:08:45,764 http-nio-8080-exec-4 - Requested item is *Out of stock*
23 Apr 2019 10:08:46,434 http-nio-8080-exec-5 - Retrieve customer by id 

23 Apr 2019 10:08:46,435 http-nio-8080-exec-5 - Requested item is *Out of stock*
23 Apr 2019 10:08:47,057 http-nio-8080-exec-6 - Retrieve customer by id 

23 Apr 2019 10:08:47,059 http-nio-8080-exec-6 - Requested item is *Out of stock*
23 Apr 2019 10:08:47,506 http-nio-8080-exec-7 - Retrieve customer by id 

23 Apr 2019 10:08:47,507 http-nio-8080-exec-7 - Requested item is *Out of stock*
23 Apr 2019 10:08:47,863 http-nio-8080-exec-8 - Retrieve customer by id 

23 Apr 2019 10:08:47,864 http-nio-8080-exec-8 - Requested item is *Out of stock*
23 Apr 2019 10:10:52,166 main - Application started
23 Apr 2019 10:11:11,580 main - Application started
